<?xml version="1.0" encoding="UTF-8"?>
<testsuite name="Tests" tests="1" skipped="0" failures="0" errors="0" timestamp="2021-03-26T04:02:30" hostname="DESKTOP-9RDBCUL" time="0.14">
  <properties/>
  <testcase name="start" classname="Tests" time="0.14"/>
  <system-out><![CDATA[?[1;31m
Start test 1?[0m
Hello! My name is Aid.
I was created in 2018.
Please, remind me your name.
> Marry
What a great name you have, Marry!
Let me guess your age.
Enter remainders of dividing your age by 3, 5 and 7.
> 1
> 0
> 5
Your age is 40; that's a good time to start programming!
Now I will prove to you that I can count to any number you want.
> 10
0!
1!
2!
3!
4!
5!
6!
7!
8!
9!
10!
Let's test your programming knowledge.
What was Chrollo looking for after getting his Nen sealed?
1. Someone to fight.
2. Killua's home.
3. A Nen exorcist
4. His sister.
> 1
Please, try again.
> 2
Please, try again.
> 3
Congratulations, have a nice day!
]]></system-out>
  <system-err><![CDATA[]]></system-err>
</testsuite>
